[debug] [2022-10-27T14:25:48.839Z] ----------------------------------------------------------------------
[debug] [2022-10-27T14:25:48.851Z] Command:       D:\Program Files\node.exe C:\Users\Asus\AppData\Roaming\npm\node_modules\firebase-tools\lib\bin\firebase.js deploy
[debug] [2022-10-27T14:25:48.852Z] CLI Version:   11.15.0
[debug] [2022-10-27T14:25:48.853Z] Platform:      win32
[debug] [2022-10-27T14:25:48.853Z] Node Version:  v16.15.1
[debug] [2022-10-27T14:25:48.989Z] Time:          Thu Oct 27 2022 20:25:48 GMT+0600 (Bangladesh Standard Time)
[debug] [2022-10-27T14:25:48.990Z] ----------------------------------------------------------------------
[debug] 
[debug] [2022-10-27T14:25:49.208Z] > command requires scopes: ["email","openid","https://www.googleapis.com/auth/cloudplatformprojects.readonly","https://www.googleapis.com/auth/firebase","https://www.googleapis.com/auth/cloud-platform"]
[debug] [2022-10-27T14:25:49.210Z] > authorizing via signed-in user (mhabirbd2016@gmail.com)
[debug] [2022-10-27T14:25:49.210Z] [iam] checking project shikka-guru for permissions ["firebase.projects.get","firebasehosting.sites.update"]
[debug] [2022-10-27T14:25:49.262Z] >>> [apiv2][query] POST https://cloudresourcemanager.googleapis.com/v1/projects/shikka-guru:testIamPermissions [none]
[debug] [2022-10-27T14:25:49.263Z] >>> [apiv2][(partial)header] POST https://cloudresourcemanager.googleapis.com/v1/projects/shikka-guru:testIamPermissions x-goog-quota-user=projects/shikka-guru
[debug] [2022-10-27T14:25:49.263Z] >>> [apiv2][body] POST https://cloudresourcemanager.googleapis.com/v1/projects/shikka-guru:testIamPermissions {"permissions":["firebase.projects.get","firebasehosting.sites.update"]}
[debug] [2022-10-27T14:26:10.827Z] [iam] error while checking permissions, command may fail: FirebaseError: Failed to make request to https://cloudresourcemanager.googleapis.com/v1/projects/shikka-guru:testIamPermissions
[debug] [2022-10-27T14:26:10.833Z] >>> [apiv2][query] GET https://firebase.googleapis.com/v1beta1/projects/shikka-guru [none]
[debug] [2022-10-27T14:26:21.962Z] Failed to make request to https://firebase.googleapis.com/v1beta1/projects/shikka-guru
[debug] [2022-10-27T14:26:22.512Z] FirebaseError: Failed to make request to https://firebase.googleapis.com/v1beta1/projects/shikka-guru
    at RetryOperation._fn (C:\Users\Asus\AppData\Roaming\npm\node_modules\firebase-tools\lib\apiv2.js:242:31)
    at processTicksAndRejections (node:internal/process/task_queues:96:5)
[error] 
[error] Error: Failed to get Firebase project shikka-guru. Please make sure the project exists and your account has permission to access it.
